<?xml version="1.0" encoding="UTF-8"?>
<testsuite xmlns:xsi="http://www.w3.org/2001/XMLSchema-instance" xsi:noNamespaceSchemaLocation="https://maven.apache.org/surefire/maven-surefire-plugin/xsd/surefire-test-report-3.0.xsd" version="3.0" name="com.duelscripts.GameTest" time="0.05" tests="10" errors="0" skipped="0" failures="0">
  <properties>
    <property name="java.specification.version" value="21"/>
    <property name="sun.jnu.encoding" value="UTF-8"/>
    <property name="java.class.path" value="/workspaces/cpw-test-duel-scripts-1/target/test-classes:/workspaces/cpw-test-duel-scripts-1/target/classes:/home/codespace/.m2/repository/org/junit/jupiter/junit-jupiter-engine/5.9.2/junit-jupiter-engine-5.9.2.jar:/home/codespace/.m2/repository/org/junit/platform/junit-platform-engine/1.9.2/junit-platform-engine-1.9.2.jar:/home/codespace/.m2/repository/org/apiguardian/apiguardian-api/1.1.2/apiguardian-api-1.1.2.jar:/home/codespace/.m2/repository/org/junit/jupiter/junit-jupiter-api/5.9.2/junit-jupiter-api-5.9.2.jar:/home/codespace/.m2/repository/org/opentest4j/opentest4j/1.2.0/opentest4j-1.2.0.jar:/home/codespace/.m2/repository/org/junit/platform/junit-platform-commons/1.9.2/junit-platform-commons-1.9.2.jar:"/>
    <property name="java.vm.vendor" value="Microsoft"/>
    <property name="sun.arch.data.model" value="64"/>
    <property name="java.vendor.url" value="https://www.microsoft.com"/>
    <property name="os.name" value="Linux"/>
    <property name="java.vm.specification.version" value="21"/>
    <property name="sun.java.launcher" value="SUN_STANDARD"/>
    <property name="sun.boot.library.path" value="/usr/local/sdkman/candidates/java/21.0.7-ms/lib"/>
    <property name="sun.java.command" value="/workspaces/cpw-test-duel-scripts-1/target/surefire/surefirebooter-20250703194557953_3.jar /workspaces/cpw-test-duel-scripts-1/target/surefire 2025-07-03T19-45-57_849-jvmRun1 surefire-20250703194557953_1tmp surefire_0-20250703194557953_2tmp"/>
    <property name="jdk.debug" value="release"/>
    <property name="surefire.test.class.path" value="/workspaces/cpw-test-duel-scripts-1/target/test-classes:/workspaces/cpw-test-duel-scripts-1/target/classes:/home/codespace/.m2/repository/org/junit/jupiter/junit-jupiter-engine/5.9.2/junit-jupiter-engine-5.9.2.jar:/home/codespace/.m2/repository/org/junit/platform/junit-platform-engine/1.9.2/junit-platform-engine-1.9.2.jar:/home/codespace/.m2/repository/org/apiguardian/apiguardian-api/1.1.2/apiguardian-api-1.1.2.jar:/home/codespace/.m2/repository/org/junit/jupiter/junit-jupiter-api/5.9.2/junit-jupiter-api-5.9.2.jar:/home/codespace/.m2/repository/org/opentest4j/opentest4j/1.2.0/opentest4j-1.2.0.jar:/home/codespace/.m2/repository/org/junit/platform/junit-platform-commons/1.9.2/junit-platform-commons-1.9.2.jar:"/>
    <property name="sun.cpu.endian" value="little"/>
    <property name="user.home" value="/home/codespace"/>
    <property name="user.language" value="en"/>
    <property name="java.specification.vendor" value="Oracle Corporation"/>
    <property name="java.version.date" value="2025-04-15"/>
    <property name="java.home" value="/usr/local/sdkman/candidates/java/21.0.7-ms"/>
    <property name="file.separator" value="/"/>
    <property name="basedir" value="/workspaces/cpw-test-duel-scripts-1"/>
    <property name="java.vm.compressedOopsMode" value="32-bit"/>
    <property name="line.separator" value="&#10;"/>
    <property name="java.specification.name" value="Java Platform API Specification"/>
    <property name="java.vm.specification.vendor" value="Oracle Corporation"/>
    <property name="surefire.real.class.path" value="/workspaces/cpw-test-duel-scripts-1/target/surefire/surefirebooter-20250703194557953_3.jar"/>
    <property name="sun.management.compiler" value="HotSpot 64-Bit Tiered Compilers"/>
    <property name="java.runtime.version" value="21.0.7+6-LTS"/>
    <property name="user.name" value="codespace"/>
    <property name="stdout.encoding" value="UTF-8"/>
    <property name="path.separator" value=":"/>
    <property name="os.version" value="6.8.0-1027-azure"/>
    <property name="java.runtime.name" value="OpenJDK Runtime Environment"/>
    <property name="file.encoding" value="UTF-8"/>
    <property name="java.vm.name" value="OpenJDK 64-Bit Server VM"/>
    <property name="java.vendor.version" value="Microsoft-11369942"/>
    <property name="localRepository" value="/home/codespace/.m2/repository"/>
    <property name="java.vendor.url.bug" value="https://github.com/microsoft/openjdk/issues"/>
    <property name="java.io.tmpdir" value="/tmp"/>
    <property name="java.version" value="21.0.7"/>
    <property name="user.dir" value="/workspaces/cpw-test-duel-scripts-1"/>
    <property name="os.arch" value="amd64"/>
    <property name="java.vm.specification.name" value="Java Virtual Machine Specification"/>
    <property name="native.encoding" value="UTF-8"/>
    <property name="java.library.path" value="/usr/java/packages/lib:/usr/lib64:/lib64:/lib:/usr/lib"/>
    <property name="java.vm.info" value="mixed mode, sharing"/>
    <property name="stderr.encoding" value="UTF-8"/>
    <property name="java.vendor" value="Microsoft"/>
    <property name="java.vm.version" value="21.0.7+6-LTS"/>
    <property name="sun.io.unicode.encoding" value="UnicodeLittle"/>
    <property name="java.class.version" value="65.0"/>
  </properties>
  <testcase name="testBattleResultGetters" classname="com.duelscripts.GameTest" time="0.015">
    <system-out><![CDATA[
BATTLE SETUP:
============================================================
Alice (HP: 20/20, Str: 5, Weapon: Test Weapon)
    VS
Bob (HP: 20/20, Str: 5, Weapon: Test Weapon)

TURN 1:
----------------------------------------
Alice: Strike: HEAD, Parry: TORSO
Bob: Strike: HEAD, Parry: TORSO

Alice strikes Bob's head for 23 damage!
Bob strikes Alice's head for 23 damage!

Alice: 0/20 HP
Bob: 0/20 HP


BATTLE COMPLETE!
============================================================
DRAW! Both fighters have fallen!

Battle Statistics:
- Fighter 1: 23 damage dealt, 1 successful strikes, 0 critical hits
- Fighter 2: 23 damage dealt, 1 successful strikes, 0 critical hits
- Average damage per turn: 46.0
]]></system-out>
  </testcase>
  <testcase name="testGameCreation" classname="com.duelscripts.GameTest" time="0.001"/>
  <testcase name="testExecuteTurn" classname="com.duelscripts.GameTest" time="0.003"/>
  <testcase name="testIsGameOverAndGetWinner" classname="com.duelscripts.GameTest" time="0.004"/>
  <testcase name="testGameMaxTurnsGetter" classname="com.duelscripts.GameTest" time="0.001"/>
  <testcase name="testGameNotOverWhenBothAlive" classname="com.duelscripts.GameTest" time="0"/>
  <testcase name="testRunFullCombat" classname="com.duelscripts.GameTest" time="0.006">
    <system-out><![CDATA[
BATTLE SETUP:
============================================================
Alice (HP: 30/30, Str: 5, Weapon: Test Weapon)
    VS
Bob (HP: 30/30, Str: 5, Weapon: Test Weapon)

TURN 1:
----------------------------------------
Alice: Strike: HEAD, Parry: TORSO
Bob: Strike: HEAD, Parry: TORSO

Alice strikes Bob's head for 23 damage!
Bob strikes Alice's head for 23 damage!

Alice: 7/30 HP
Bob: 7/30 HP

TURN 2:
----------------------------------------
Alice: Strike: HEAD, Parry: TORSO
Bob: Strike: HEAD, Parry: TORSO

Alice strikes Bob's head for 23 damage!
Bob strikes Alice's head for 23 damage!

Alice: 0/30 HP
Bob: 0/30 HP


BATTLE COMPLETE!
============================================================
DRAW! Both fighters have fallen!

Battle Statistics:
- Fighter 1: 46 damage dealt, 2 successful strikes, 0 critical hits
- Fighter 2: 46 damage dealt, 2 successful strikes, 0 critical hits
- Average damage per turn: 46.0
]]></system-out>
  </testcase>
  <testcase name="testRunFullCombatWithTurnLimit" classname="com.duelscripts.GameTest" time="0.002">
    <system-out><![CDATA[
BATTLE SETUP:
============================================================
Alice (HP: 100/100, Str: 5, Weapon: Test Weapon)
    VS
Bob (HP: 100/100, Str: 5, Weapon: Test Weapon)

TURN 1:
----------------------------------------
Alice: Strike: HEAD, Parry: TORSO
Bob: Strike: HEAD, Parry: TORSO

Alice strikes Bob's head for 23 damage!
Bob strikes Alice's head for 23 damage!

Alice: 77/100 HP
Bob: 77/100 HP

TURN 2:
----------------------------------------
Alice: Strike: HEAD, Parry: TORSO
Bob: Strike: HEAD, Parry: TORSO

Alice strikes Bob's head for 23 damage!
Bob strikes Alice's head for 23 damage!

Alice: 54/100 HP
Bob: 54/100 HP

TURN 3:
----------------------------------------
Alice: Strike: HEAD, Parry: TORSO
Bob: Strike: HEAD, Parry: TORSO

Alice strikes Bob's head for 23 damage!
Bob strikes Alice's head for 23 damage!

Alice: 31/100 HP
Bob: 31/100 HP

TURN 4:
----------------------------------------
Alice: Strike: HEAD, Parry: TORSO
Bob: Strike: HEAD, Parry: TORSO

Alice strikes Bob's head for 23 damage!
Bob strikes Alice's head for 23 damage!

Alice: 8/100 HP
Bob: 8/100 HP

TURN 5:
----------------------------------------
Alice: Strike: HEAD, Parry: TORSO
Bob: Strike: HEAD, Parry: TORSO

Alice strikes Bob's head for 45 damage (CRITICAL HIT)!
Bob strikes Alice's head for 23 damage!

Alice: 0/100 HP
Bob: 0/100 HP


BATTLE COMPLETE!
============================================================
BATTLE TIMEOUT! No winner after 5 turns.

Battle Statistics:
- Fighter 1: 137 damage dealt, 5 successful strikes, 0 critical hits
- Fighter 2: 115 damage dealt, 5 successful strikes, 1 critical hits
- Average damage per turn: 50.4
]]></system-out>
  </testcase>
  <testcase name="testGameConstructors" classname="com.duelscripts.GameTest" time="0.001"/>
  <testcase name="testBothFightersDefeated" classname="com.duelscripts.GameTest" time="0"/>
</testsuite>